<?xml version="1.0" encoding="UTF-8"?>
<testsuite xmlns:xsi="http://www.w3.org/2001/XMLSchema-instance" xsi:noNamespaceSchemaLocation="https://maven.apache.org/surefire/maven-surefire-plugin/xsd/surefire-test-report-3.0.xsd" version="3.0" name="com.github.dsena7.apachecamel.integracaoarquivo.MainTest" time="2.43" tests="1" errors="1" skipped="0" failures="0">
  <properties>
[...]
</properties>
  <testcase name="should_complete_the_auto_detected_route" classname="com.github.dsena7.apachecamel.integracaoarquivo.MainTest" time="1.55">
    <error type="org.apache.camel.FailedToStartRouteException"><![CDATA[org.apache.camel.FailedToStartRouteException: Failed to start route servidor-http because of null
Caused by: java.lang.IllegalStateException: Cannot find RestConsumerFactory in Registry or as a Component to use
]]></error>
    <system-out><![CDATA[19:09:22 [           main] CamelTestSupport               INFO  ********************************************************************************
19:09:22 [           main] CamelTestSupport               INFO  Testing: should_complete_the_auto_detected_route() (com.github.dsena7.apachecamel.integracaoarquivo.MainTest)
19:09:22 [           main] CamelTestSupport               INFO  ********************************************************************************
19:09:22 [           main] BaseMainSupport                INFO  Classpath scanning enabled from base package: org.acme.camel
19:09:22 [           main] BaseMainSupport                INFO  Auto-configuration summary
19:09:22 [           main] BaseMainSupport                INFO      [application.properties]       camel.main.name=IntegracaoPorArquivo
19:09:23 [           main] XPathBuilder                   INFO  Created default XPathFactory com.sun.org.apache.xpath.internal.jaxp.XPathFactoryImpl@d400943
19:09:23 [           main] CamelTestSupport               INFO  ********************************************************************************
19:09:23 [           main] CamelTestSupport               INFO  Testing done: should_complete_the_auto_detected_route() (com.github.dsena7.apachecamel.integracaoarquivo.MainTest)
19:09:23 [           main] CamelTestSupport               INFO  Took: 1s542ms (1542 millis)
19:09:23 [           main] CamelTestSupport               INFO  ********************************************************************************
]]></system-out>
  </testcase>
</testsuite>